[03-Apr-2025 21:14:24 UTC] PHP Fatal error:  Out of memory (allocated 35651584) (tried to allocate 4096 bytes) in /workspaces/assignment-4/.wordpress/wp-includes/class-wp-theme-json.php on line 1031
[03-Apr-2025 21:14:24 UTC] PHP Fatal error:  Out of memory (allocated 35651584) (tried to allocate 94208 bytes) in /workspaces/assignment-4/.wordpress/wp-content/plugins/ecommerce-product-catalog/includes/tracking.php on line 507
[03-Apr-2025 21:14:25 UTC] PHP Fatal error:  Out of memory (allocated 33554432) (tried to allocate 2097152 bytes) in /workspaces/assignment-4/.wordpress/wp-content/plugins/ecommerce-product-catalog/modules/index.php on line 15
[03-Apr-2025 21:14:29 UTC] PHP Fatal error:  Out of memory (allocated 31457280) (tried to allocate 2097152 bytes) in /workspaces/assignment-4/.wordpress/wp-content/plugins/ecommerce-product-catalog/modules/price/price-meta.php on line 57
[03-Apr-2025 21:14:30 UTC] PHP Fatal error:  Out of memory (allocated 29360128) (tried to allocate 2097152 bytes) in /workspaces/assignment-4/.wordpress/wp-content/plugins/ecommerce-product-catalog/modules/price/price-functions.php on line 108
[03-Apr-2025 21:15:20 UTC] PHP Fatal error:  Out of memory (allocated 29360128) (tried to allocate 2097152 bytes) in /workspaces/assignment-4/.wordpress/wp-content/plugins/ecommerce-product-catalog/modules/price/price-meta.php on line 32
[03-Apr-2025 21:16:35 UTC] PHP Fatal error:  Out of memory (allocated 29360128) (tried to allocate 2097152 bytes) in /workspaces/assignment-4/.wordpress/wp-content/plugins/ecommerce-product-catalog/ext-comp/index.php on line 71
[03-Apr-2025 21:16:43 UTC] PHP Fatal error:  Out of memory (allocated 29360128) (tried to allocate 2097152 bytes) in /workspaces/assignment-4/.wordpress/wp-content/plugins/ecommerce-product-catalog/modules/price/price-meta.php on line 32
[03-Apr-2025 21:16:53 UTC] PHP Fatal error:  Out of memory (allocated 29360128) (tried to allocate 2097152 bytes) in /workspaces/assignment-4/.wordpress/wp-content/plugins/ecommerce-product-catalog/modules/price/price-meta.php on line 32
[03-Apr-2025 21:16:59 UTC] PHP Fatal error:  Out of memory (allocated 29360128) (tried to allocate 2097152 bytes) in /workspaces/assignment-4/.wordpress/wp-content/plugins/ecommerce-product-catalog/ext-comp/index.php on line 71
[03-Apr-2025 21:17:04 UTC] PHP Fatal error:  Out of memory (allocated 29360128) (tried to allocate 2097152 bytes) in /workspaces/assignment-4/.wordpress/wp-content/plugins/ecommerce-product-catalog/ext-comp/index.php on line 71
[03-Apr-2025 21:18:17 UTC] PHP Fatal error:  Out of memory (allocated 29360128) (tried to allocate 2097152 bytes) in /workspaces/assignment-4/.wordpress/wp-content/plugins/ecommerce-product-catalog/modules/price/price-settings.php on line 31
[03-Apr-2025 21:18:53 UTC] PHP Fatal error:  Out of memory (allocated 29360128) (tried to allocate 2097152 bytes) in /workspaces/assignment-4/.wordpress/wp-content/plugins/ecommerce-product-catalog/modules/price/price-meta.php on line 32
[03-Apr-2025 21:20:05 UTC] PHP Fatal error:  Out of memory (allocated 29360128) (tried to allocate 2097152 bytes) in /workspaces/assignment-4/.wordpress/wp-content/plugins/ecommerce-product-catalog/modules/price/price-settings.php on line 31
[03-Apr-2025 21:20:54 UTC] PHP Fatal error:  Out of memory (allocated 29360128) (tried to allocate 2097152 bytes) in /workspaces/assignment-4/.wordpress/wp-content/plugins/ecommerce-product-catalog/modules/price/price-meta.php on line 32
[03-Apr-2025 21:21:13 UTC] PHP Fatal error:  Out of memory (allocated 29360128) (tried to allocate 2097152 bytes) in /workspaces/assignment-4/.wordpress/wp-content/plugins/ecommerce-product-catalog/modules/price/price-meta.php on line 32
[03-Apr-2025 21:21:22 UTC] PHP Fatal error:  Out of memory (allocated 29360128) (tried to allocate 2097152 bytes) in /workspaces/assignment-4/.wordpress/wp-content/plugins/ecommerce-product-catalog/modules/price/price-meta.php on line 32
[03-Apr-2025 21:22:31 UTC] PHP Fatal error:  Out of memory (allocated 29360128) (tried to allocate 2097152 bytes) in /workspaces/assignment-4/.wordpress/wp-content/plugins/ecommerce-product-catalog/modules/price/price-settings.php on line 31
[03-Apr-2025 21:23:18 UTC] PHP Fatal error:  Out of memory (allocated 29360128) (tried to allocate 2097152 bytes) in /workspaces/assignment-4/.wordpress/wp-content/plugins/ecommerce-product-catalog/modules/price/price-meta.php on line 32
[03-Apr-2025 21:23:28 UTC] PHP Fatal error:  Out of memory (allocated 29360128) (tried to allocate 2097152 bytes) in /workspaces/assignment-4/.wordpress/wp-content/plugins/ecommerce-product-catalog/modules/price/price-meta.php on line 32
[03-Apr-2025 21:25:28 UTC] PHP Fatal error:  Out of memory (allocated 29360128) (tried to allocate 2097152 bytes) in /workspaces/assignment-4/.wordpress/wp-content/plugins/ecommerce-product-catalog/modules/price/price-meta.php on line 32
[03-Apr-2025 21:27:30 UTC] PHP Fatal error:  Out of memory (allocated 29360128) (tried to allocate 2097152 bytes) in /workspaces/assignment-4/.wordpress/wp-content/plugins/ecommerce-product-catalog/modules/price/price-meta.php on line 32
[03-Apr-2025 21:29:28 UTC] PHP Fatal error:  Out of memory (allocated 29360128) (tried to allocate 2097152 bytes) in /workspaces/assignment-4/.wordpress/wp-content/plugins/ecommerce-product-catalog/modules/price/price-meta.php on line 32
[03-Apr-2025 21:31:28 UTC] PHP Fatal error:  Out of memory (allocated 29360128) (tried to allocate 2097152 bytes) in /workspaces/assignment-4/.wordpress/wp-content/plugins/ecommerce-product-catalog/modules/price/price-meta.php on line 32
[03-Apr-2025 21:33:28 UTC] PHP Fatal error:  Out of memory (allocated 29360128) (tried to allocate 2097152 bytes) in /workspaces/assignment-4/.wordpress/wp-content/plugins/ecommerce-product-catalog/modules/price/price-meta.php on line 32
[03-Apr-2025 21:35:28 UTC] PHP Fatal error:  Out of memory (allocated 29360128) (tried to allocate 2097152 bytes) in /workspaces/assignment-4/.wordpress/wp-content/plugins/ecommerce-product-catalog/modules/price/price-meta.php on line 32
[03-Apr-2025 21:35:38 UTC] PHP Fatal error:  Out of memory (allocated 29360128) (tried to allocate 2097152 bytes) in /workspaces/assignment-4/.wordpress/wp-content/plugins/ecommerce-product-catalog/modules/price/price-meta.php on line 32
